<?xml version="1.0" encoding="UTF-8"?>
<!-- Generated by org.testng.reporters.JUnitReportReporter -->
<testsuite hostname="LIN57000094" failures="0" tests="3" name="com.crm.qa.testcases.HomePageTest" time="33.968" errors="0" timestamp="2020-08-20T23:07:23 IST" skipped="0">
  <testcase classname="com.crm.qa.testcases.HomePageTest" name="verifyHomePageTitleTest" time="10.795"/>
  <system-out/>
  <testcase classname="com.crm.qa.testcases.HomePageTest" name="verifyUserNameTest" time="11.288"/>
  <system-out/>
  <testcase classname="com.crm.qa.testcases.HomePageTest" name="verifyContactsLinkTest" time="11.885"/>
  <system-out/>
</testsuite> <!-- com.crm.qa.testcases.HomePageTest -->
