<?xml version="1.0" encoding="UTF-8"?>
<!-- Generated by org.testng.reporters.JUnitReportReporter -->
<testsuite hostname="LIN57000094" failures="0" tests="3" name="com.crm.qa.testcases.LoginPageTest" time="39.718" errors="0" timestamp="2020-08-20T23:07:23 IST" skipped="0">
  <testcase classname="com.crm.qa.testcases.LoginPageTest" name="loginPageTileTest" time="19.321"/>
  <system-out/>
  <testcase classname="com.crm.qa.testcases.LoginPageTest" name="classicCRMlnkTest" time="9.926"/>
  <system-out/>
  <testcase classname="com.crm.qa.testcases.LoginPageTest" name="loginTest" time="10.471"/>
  <system-out/>
</testsuite> <!-- com.crm.qa.testcases.LoginPageTest -->
