<?xml version="1.0" encoding="UTF-8"?>
<!-- Generated by org.testng.reporters.JUnitReportReporter -->
<testsuite skipped="0" hostname="LIN57000094" name="com.crm.qa.testcases.LoginPageTest" tests="3" failures="0" timestamp="2020-08-07T00:09:42 IST" time="40.068" errors="0">
  <testcase name="loginPageTileTest" time="14.862" classname="com.crm.qa.testcases.LoginPageTest"/>
  <system-out/>
  <testcase name="classicCRMlnkTest" time="12.025" classname="com.crm.qa.testcases.LoginPageTest"/>
  <system-out/>
  <testcase name="loginTest" time="13.181" classname="com.crm.qa.testcases.LoginPageTest"/>
  <system-out/>
</testsuite> <!-- com.crm.qa.testcases.LoginPageTest -->
